0 info it worked if it ends with ok
1 verbose cli [ '/usr/local/bin/node',
1 verbose cli   '/usr/local/bin/npm',
1 verbose cli   'install',
1 verbose cli   '--save',
1 verbose cli   'react-router@next' ]
2 info using npm@3.10.10
3 info using node@v6.11.1
4 silly loadCurrentTree Starting
5 silly install loadCurrentTree
6 silly install readLocalPackageData
7 silly fetchPackageMetaData react-router@next
8 silly fetchNamedPackageData react-router
9 silly mapToRegistry name react-router
10 silly mapToRegistry using default registry
11 silly mapToRegistry registry https://registry.npmjs.org/
12 silly mapToRegistry data Result {
12 silly mapToRegistry   raw: 'react-router',
12 silly mapToRegistry   scope: null,
12 silly mapToRegistry   escapedName: 'react-router',
12 silly mapToRegistry   name: 'react-router',
12 silly mapToRegistry   rawSpec: '',
12 silly mapToRegistry   spec: 'latest',
12 silly mapToRegistry   type: 'tag' }
13 silly mapToRegistry uri https://registry.npmjs.org/react-router
14 verbose request uri https://registry.npmjs.org/react-router
15 verbose request no auth needed
16 info attempt registry request try #1 at 4:19:14 PM
17 verbose request id fe25ece6cad76eab
18 verbose etag W/"59d9cafc-4440e"
19 verbose lastModified Sun, 08 Oct 2017 06:51:40 GMT
20 http request GET https://registry.npmjs.org/react-router
21 http 304 https://registry.npmjs.org/react-router
22 verbose headers { date: 'Wed, 11 Oct 2017 15:19:14 GMT',
22 verbose headers   via: '1.1 varnish',
22 verbose headers   'cache-control': 'max-age=300',
22 verbose headers   etag: 'W/"59d9cafc-4440e"',
22 verbose headers   age: '73',
22 verbose headers   connection: 'keep-alive',
22 verbose headers   'x-served-by': 'cache-lcy1146-LCY',
22 verbose headers   'x-cache': 'HIT',
22 verbose headers   'x-cache-hits': '1',
22 verbose headers   'x-timer': 'S1507735155.792844,VS0,VE1',
22 verbose headers   vary: 'Accept-Encoding, Accept' }
23 silly get cb [ 304,
23 silly get   { date: 'Wed, 11 Oct 2017 15:19:14 GMT',
23 silly get     via: '1.1 varnish',
23 silly get     'cache-control': 'max-age=300',
23 silly get     etag: 'W/"59d9cafc-4440e"',
23 silly get     age: '73',
23 silly get     connection: 'keep-alive',
23 silly get     'x-served-by': 'cache-lcy1146-LCY',
23 silly get     'x-cache': 'HIT',
23 silly get     'x-cache-hits': '1',
23 silly get     'x-timer': 'S1507735155.792844,VS0,VE1',
23 silly get     vary: 'Accept-Encoding, Accept' } ]
24 verbose etag https://registry.npmjs.org/react-router from cache
25 verbose get saving react-router to /Users/malgorzatakrzek/.npm/registry.npmjs.org/react-router/.cache.json
26 verbose correctMkdir /Users/malgorzatakrzek/.npm correctMkdir not in flight; initializing
27 silly fetchNamedPackageData No valid target from cache, forcing network
28 verbose request uri https://registry.npmjs.org/react-router
29 verbose request no auth needed
30 info attempt registry request try #1 at 4:19:15 PM
31 http request GET https://registry.npmjs.org/react-router
32 http 200 https://registry.npmjs.org/react-router
33 verbose headers { server: 'nginx/1.10.1',
33 verbose headers   'content-type': 'application/json',
33 verbose headers   'last-modified': 'Sun, 08 Oct 2017 06:51:40 GMT',
33 verbose headers   etag: 'W/"59d9cafc-4440e"',
33 verbose headers   'content-encoding': 'gzip',
33 verbose headers   'cache-control': 'max-age=300',
33 verbose headers   'content-length': '20761',
33 verbose headers   'accept-ranges': 'bytes',
33 verbose headers   date: 'Wed, 11 Oct 2017 15:19:14 GMT',
33 verbose headers   via: '1.1 varnish',
33 verbose headers   age: '73',
33 verbose headers   connection: 'keep-alive',
33 verbose headers   'x-served-by': 'cache-lcy1146-LCY',
33 verbose headers   'x-cache': 'HIT',
33 verbose headers   'x-cache-hits': '2',
33 verbose headers   'x-timer': 'S1507735155.828155,VS0,VE0',
33 verbose headers   vary: 'Accept-Encoding, Accept' }
34 silly get cb [ 200,
34 silly get   { server: 'nginx/1.10.1',
34 silly get     'content-type': 'application/json',
34 silly get     'last-modified': 'Sun, 08 Oct 2017 06:51:40 GMT',
34 silly get     etag: 'W/"59d9cafc-4440e"',
34 silly get     'content-encoding': 'gzip',
34 silly get     'cache-control': 'max-age=300',
34 silly get     'content-length': '20761',
34 silly get     'accept-ranges': 'bytes',
34 silly get     date: 'Wed, 11 Oct 2017 15:19:14 GMT',
34 silly get     via: '1.1 varnish',
34 silly get     age: '73',
34 silly get     connection: 'keep-alive',
34 silly get     'x-served-by': 'cache-lcy1146-LCY',
34 silly get     'x-cache': 'HIT',
34 silly get     'x-cache-hits': '2',
34 silly get     'x-timer': 'S1507735155.828155,VS0,VE0',
34 silly get     vary: 'Accept-Encoding, Accept' } ]
35 verbose get saving react-router to /Users/malgorzatakrzek/.npm/registry.npmjs.org/react-router/.cache.json
36 verbose correctMkdir /Users/malgorzatakrzek/.npm correctMkdir not in flight; initializing
37 silly fetchPackageMetaData Error: No compatible version found: react-router@next
37 silly fetchPackageMetaData Valid install targets:
37 silly fetchPackageMetaData 4.2.0, 4.1.2, 4.1.1, 4.1.0, 4.0.0, 4.0.0-beta.8, 4.0.0-beta.7, 4.0.0-beta.6, 4.0.0-beta.5, 4.0.0-beta.4, 4.0.0-beta.3, 4.0.0-beta.2, 4.0.0-beta.1, 4.0.0-alpha.6, 4.0.0-alpha.5, 4.0.0-alpha.4, 4.0.0-alpha.3, 4.0.0-2, 4.0.0-1, 4.0.0-0, 3.2.0, 3.1.0-rc.1, 3.0.6-pre.0, 3.0.5, 3.0.4, 3.0.3, 3.0.2, 3.0.1, 3.0.0, 3.0.0-beta.1, 3.0.0-alpha.3, 3.0.0-alpha.2, 3.0.0-alpha.1, 2.8.1, 2.8.0, 2.7.0, 2.6.1, 2.6.0, 2.5.2, 2.5.1, 2.5.0, 2.4.1, 2.4.0, 2.3.0, 2.2.4, 2.2.2, 2.2.1, 2.2.0, 2.1.1, 2.1.0, 2.0.1, 2.0.0, 2.0.0-rc6, 2.0.0-rc5, 2.0.0-rc4, 2.0.0-rc3, 2.0.0-rc2, 2.0.0-rc1, 1.0.3, 1.0.2, 1.0.1, 1.0.0, 1.0.0-rc4, 1.0.0-rc3, 1.0.0-rc2, 1.0.0-rc1, 1.0.0-beta4, 1.0.0-beta3, 1.0.0-beta2, 1.0.0-beta1, 1.0.0-alpha2, 1.0.0-alpha1, 0.13.6, 0.13.5, 0.13.4, 0.13.3, 0.13.2, 0.13.1, 0.13.0, 0.12.4, 0.12.3, 0.12.2, 0.12.1, 0.12.0, 0.11.6, 0.11.5, 0.11.4, 0.11.3, 0.11.2, 0.11.1, 0.11.0, 0.10.2, 0.10.1, 0.10.0, 0.9.5, 0.9.4, 0.9.3, 0.9.2, 0.9.1, 0.9.0, 0.8.0, 0.7.0, 0.6.1, 0.6.0, 0.5.3, 0.5.2, 0.5.1, 0.5.0, 0.4.2, 0.4.1, 0.4.0, 0.0.1, 0.0.0
37 silly fetchPackageMetaData
37 silly fetchPackageMetaData     at pickVersionFromRegistryDocument (/usr/local/lib/node_modules/npm/lib/fetch-package-metadata.js:178:16)
37 silly fetchPackageMetaData     at /usr/local/lib/node_modules/npm/node_modules/iferr/index.js:13:50
37 silly fetchPackageMetaData     at /usr/local/lib/node_modules/npm/lib/utils/pulse-till-done.js:20:8
37 silly fetchPackageMetaData     at saved (/usr/local/lib/node_modules/npm/lib/cache/caching-client.js:174:7)
37 silly fetchPackageMetaData     at /usr/local/lib/node_modules/npm/node_modules/graceful-fs/polyfills.js:241:18
37 silly fetchPackageMetaData     at FSReqWrap.oncomplete (fs.js:123:15)
37 silly fetchPackageMetaData  error for react-router@next { Error: No compatible version found: react-router@next
37 silly fetchPackageMetaData Valid install targets:
37 silly fetchPackageMetaData 4.2.0, 4.1.2, 4.1.1, 4.1.0, 4.0.0, 4.0.0-beta.8, 4.0.0-beta.7, 4.0.0-beta.6, 4.0.0-beta.5, 4.0.0-beta.4, 4.0.0-beta.3, 4.0.0-beta.2, 4.0.0-beta.1, 4.0.0-alpha.6, 4.0.0-alpha.5, 4.0.0-alpha.4, 4.0.0-alpha.3, 4.0.0-2, 4.0.0-1, 4.0.0-0, 3.2.0, 3.1.0-rc.1, 3.0.6-pre.0, 3.0.5, 3.0.4, 3.0.3, 3.0.2, 3.0.1, 3.0.0, 3.0.0-beta.1, 3.0.0-alpha.3, 3.0.0-alpha.2, 3.0.0-alpha.1, 2.8.1, 2.8.0, 2.7.0, 2.6.1, 2.6.0, 2.5.2, 2.5.1, 2.5.0, 2.4.1, 2.4.0, 2.3.0, 2.2.4, 2.2.2, 2.2.1, 2.2.0, 2.1.1, 2.1.0, 2.0.1, 2.0.0, 2.0.0-rc6, 2.0.0-rc5, 2.0.0-rc4, 2.0.0-rc3, 2.0.0-rc2, 2.0.0-rc1, 1.0.3, 1.0.2, 1.0.1, 1.0.0, 1.0.0-rc4, 1.0.0-rc3, 1.0.0-rc2, 1.0.0-rc1, 1.0.0-beta4, 1.0.0-beta3, 1.0.0-beta2, 1.0.0-beta1, 1.0.0-alpha2, 1.0.0-alpha1, 0.13.6, 0.13.5, 0.13.4, 0.13.3, 0.13.2, 0.13.1, 0.13.0, 0.12.4, 0.12.3, 0.12.2, 0.12.1, 0.12.0, 0.11.6, 0.11.5, 0.11.4, 0.11.3, 0.11.2, 0.11.1, 0.11.0, 0.10.2, 0.10.1, 0.10.0, 0.9.5, 0.9.4, 0.9.3, 0.9.2, 0.9.1, 0.9.0, 0.8.0, 0.7.0, 0.6.1, 0.6.0, 0.5.3, 0.5.2, 0.5.1, 0.5.0, 0.4.2, 0.4.1, 0.4.0, 0.0.1, 0.0.0
37 silly fetchPackageMetaData
37 silly fetchPackageMetaData     at pickVersionFromRegistryDocument (/usr/local/lib/node_modules/npm/lib/fetch-package-metadata.js:178:16)
37 silly fetchPackageMetaData     at /usr/local/lib/node_modules/npm/node_modules/iferr/index.js:13:50
37 silly fetchPackageMetaData     at /usr/local/lib/node_modules/npm/lib/utils/pulse-till-done.js:20:8
37 silly fetchPackageMetaData     at saved (/usr/local/lib/node_modules/npm/lib/cache/caching-client.js:174:7)
37 silly fetchPackageMetaData     at /usr/local/lib/node_modules/npm/node_modules/graceful-fs/polyfills.js:241:18
37 silly fetchPackageMetaData     at FSReqWrap.oncomplete (fs.js:123:15) code: 'ETARGET' }
38 silly rollbackFailedOptional Starting
39 silly rollbackFailedOptional Finishing
40 silly runTopLevelLifecycles Finishing
41 silly install printInstalled
42 verbose stack Error: No compatible version found: react-router@next
42 verbose stack Valid install targets:
42 verbose stack 4.2.0, 4.1.2, 4.1.1, 4.1.0, 4.0.0, 4.0.0-beta.8, 4.0.0-beta.7, 4.0.0-beta.6, 4.0.0-beta.5, 4.0.0-beta.4, 4.0.0-beta.3, 4.0.0-beta.2, 4.0.0-beta.1, 4.0.0-alpha.6, 4.0.0-alpha.5, 4.0.0-alpha.4, 4.0.0-alpha.3, 4.0.0-2, 4.0.0-1, 4.0.0-0, 3.2.0, 3.1.0-rc.1, 3.0.6-pre.0, 3.0.5, 3.0.4, 3.0.3, 3.0.2, 3.0.1, 3.0.0, 3.0.0-beta.1, 3.0.0-alpha.3, 3.0.0-alpha.2, 3.0.0-alpha.1, 2.8.1, 2.8.0, 2.7.0, 2.6.1, 2.6.0, 2.5.2, 2.5.1, 2.5.0, 2.4.1, 2.4.0, 2.3.0, 2.2.4, 2.2.2, 2.2.1, 2.2.0, 2.1.1, 2.1.0, 2.0.1, 2.0.0, 2.0.0-rc6, 2.0.0-rc5, 2.0.0-rc4, 2.0.0-rc3, 2.0.0-rc2, 2.0.0-rc1, 1.0.3, 1.0.2, 1.0.1, 1.0.0, 1.0.0-rc4, 1.0.0-rc3, 1.0.0-rc2, 1.0.0-rc1, 1.0.0-beta4, 1.0.0-beta3, 1.0.0-beta2, 1.0.0-beta1, 1.0.0-alpha2, 1.0.0-alpha1, 0.13.6, 0.13.5, 0.13.4, 0.13.3, 0.13.2, 0.13.1, 0.13.0, 0.12.4, 0.12.3, 0.12.2, 0.12.1, 0.12.0, 0.11.6, 0.11.5, 0.11.4, 0.11.3, 0.11.2, 0.11.1, 0.11.0, 0.10.2, 0.10.1, 0.10.0, 0.9.5, 0.9.4, 0.9.3, 0.9.2, 0.9.1, 0.9.0, 0.8.0, 0.7.0, 0.6.1, 0.6.0, 0.5.3, 0.5.2, 0.5.1, 0.5.0, 0.4.2, 0.4.1, 0.4.0, 0.0.1, 0.0.0
42 verbose stack
42 verbose stack     at pickVersionFromRegistryDocument (/usr/local/lib/node_modules/npm/lib/fetch-package-metadata.js:178:16)
42 verbose stack     at /usr/local/lib/node_modules/npm/node_modules/iferr/index.js:13:50
42 verbose stack     at /usr/local/lib/node_modules/npm/lib/utils/pulse-till-done.js:20:8
42 verbose stack     at saved (/usr/local/lib/node_modules/npm/lib/cache/caching-client.js:174:7)
42 verbose stack     at /usr/local/lib/node_modules/npm/node_modules/graceful-fs/polyfills.js:241:18
42 verbose stack     at FSReqWrap.oncomplete (fs.js:123:15)
43 verbose cwd /Users/malgorzatakrzek/Desktop/Weather-App
44 error Darwin 16.7.0
45 error argv "/usr/local/bin/node" "/usr/local/bin/npm" "install" "--save" "react-router@next"
46 error node v6.11.1
47 error npm  v3.10.10
48 error code ETARGET
49 error notarget No compatible version found: react-router@next
49 error notarget Valid install targets:
49 error notarget 4.2.0, 4.1.2, 4.1.1, 4.1.0, 4.0.0, 4.0.0-beta.8, 4.0.0-beta.7, 4.0.0-beta.6, 4.0.0-beta.5, 4.0.0-beta.4, 4.0.0-beta.3, 4.0.0-beta.2, 4.0.0-beta.1, 4.0.0-alpha.6, 4.0.0-alpha.5, 4.0.0-alpha.4, 4.0.0-alpha.3, 4.0.0-2, 4.0.0-1, 4.0.0-0, 3.2.0, 3.1.0-rc.1, 3.0.6-pre.0, 3.0.5, 3.0.4, 3.0.3, 3.0.2, 3.0.1, 3.0.0, 3.0.0-beta.1, 3.0.0-alpha.3, 3.0.0-alpha.2, 3.0.0-alpha.1, 2.8.1, 2.8.0, 2.7.0, 2.6.1, 2.6.0, 2.5.2, 2.5.1, 2.5.0, 2.4.1, 2.4.0, 2.3.0, 2.2.4, 2.2.2, 2.2.1, 2.2.0, 2.1.1, 2.1.0, 2.0.1, 2.0.0, 2.0.0-rc6, 2.0.0-rc5, 2.0.0-rc4, 2.0.0-rc3, 2.0.0-rc2, 2.0.0-rc1, 1.0.3, 1.0.2, 1.0.1, 1.0.0, 1.0.0-rc4, 1.0.0-rc3, 1.0.0-rc2, 1.0.0-rc1, 1.0.0-beta4, 1.0.0-beta3, 1.0.0-beta2, 1.0.0-beta1, 1.0.0-alpha2, 1.0.0-alpha1, 0.13.6, 0.13.5, 0.13.4, 0.13.3, 0.13.2, 0.13.1, 0.13.0, 0.12.4, 0.12.3, 0.12.2, 0.12.1, 0.12.0, 0.11.6, 0.11.5, 0.11.4, 0.11.3, 0.11.2, 0.11.1, 0.11.0, 0.10.2, 0.10.1, 0.10.0, 0.9.5, 0.9.4, 0.9.3, 0.9.2, 0.9.1, 0.9.0, 0.8.0, 0.7.0, 0.6.1, 0.6.0, 0.5.3, 0.5.2, 0.5.1, 0.5.0, 0.4.2, 0.4.1, 0.4.0, 0.0.1, 0.0.0
50 error notarget This is most likely not a problem with npm itself.
50 error notarget In most cases you or one of your dependencies are requesting
50 error notarget a package version that doesn't exist.
51 verbose exit [ 1, true ]
